<!DOCTYPE html>

<html>
  <head>
  <title>TestNG reports</title>

    <link type="text/css" href="testng-reports.css" rel="stylesheet" />  
    <script type="text/javascript" src="jquery-1.7.1.min.js"></script>
    <script type="text/javascript" src="testng-reports.js"></script>
    <script type="text/javascript" src="https://www.google.com/jsapi"></script>
    <script type='text/javascript'>
      google.load('visualization', '1', {packages:['table']});
      google.setOnLoadCallback(drawTable);
      var suiteTableInitFunctions = new Array();
      var suiteTableData = new Array();
    </script>
    <!--
      <script type="text/javascript" src="jquery-ui/js/jquery-ui-1.8.16.custom.min.js"></script>
     -->
  </head>

  <body>
    <div class="top-banner-root">
      <span class="top-banner-title-font">Test results</span>
      <br/>
      <span class="top-banner-font-1">1 suite, 1 failed test</span>
    </div> <!-- top-banner-root -->
    <div class="navigator-root">
      <div class="navigator-suite-header">
        <span>All suites</span>
        <a href="#" class="collapse-all-link" title="Collapse/expand all the suites">
          <img class="collapse-all-icon" src="collapseall.gif">
          </img> <!-- collapse-all-icon -->
        </a> <!-- collapse-all-link -->
      </div> <!-- navigator-suite-header -->
      <div class="suite">
        <div class="rounded-window">
          <div class="suite-header light-rounded-window-top">
            <a href="#" class="navigator-link" panel-name="suite-example_suite_1">
              <span class="suite-name border-failed">example suite 1</span>
            </a> <!-- navigator-link -->
          </div> <!-- suite-header light-rounded-window-top -->
          <div class="navigator-suite-content">
            <div class="suite-section-title">
              <span>Info</span>
            </div> <!-- suite-section-title -->
            <div class="suite-section-content">
              <ul>
                <li>
                  <a href="#" class="navigator-link " panel-name="test-xml-example_suite_1">
                    <span>C:\Users\sseela\workspace\amazonTestNG\testng.xml</span>
                  </a> <!-- navigator-link  -->
                </li>
                <li>
                  <a href="#" class="navigator-link " panel-name="testlist-example_suite_1">
                    <span class="test-stats">1 test</span>
                  </a> <!-- navigator-link  -->
                </li>
                <li>
                  <a href="#" class="navigator-link " panel-name="group-example_suite_1">
                    <span>0 groups</span>
                  </a> <!-- navigator-link  -->
                </li>
                <li>
                  <a href="#" class="navigator-link " panel-name="times-example_suite_1">
                    <span>Times</span>
                  </a> <!-- navigator-link  -->
                </li>
                <li>
                  <a href="#" class="navigator-link " panel-name="reporter-example_suite_1">
                    <span>Reporter output</span>
                  </a> <!-- navigator-link  -->
                </li>
                <li>
                  <a href="#" class="navigator-link " panel-name="ignored-methods-example_suite_1">
                    <span>Ignored methods</span>
                  </a> <!-- navigator-link  -->
                </li>
                <li>
                  <a href="#" class="navigator-link " panel-name="chronological-example_suite_1">
                    <span>Chronological view</span>
                  </a> <!-- navigator-link  -->
                </li>
              </ul>
            </div> <!-- suite-section-content -->
            <div class="result-section">
              <div class="suite-section-title">
                <span>Results</span>
              </div> <!-- suite-section-title -->
              <div class="suite-section-content">
                <ul>
                  <li>
                    <span class="method-stats">8 methods, 1 failed,   7 passed</span>
                  </li>
                  <li>
                    <span class="method-list-title failed">Failed methods</span>
                    <span class="show-or-hide-methods failed">
                      <a href="#" panel-name="suite-example_suite_1" class="hide-methods failed suite-example_suite_1"> (hide)</a> <!-- hide-methods failed suite-example_suite_1 -->
                      <a href="#" panel-name="suite-example_suite_1" class="show-methods failed suite-example_suite_1"> (show)</a> <!-- show-methods failed suite-example_suite_1 -->
                    </span>
                    <div class="method-list-content failed suite-example_suite_1">
                      <span>
                        <img width="3%" src="failed.png"/>
                        <a href="#" class="method navigator-link" panel-name="suite-example_suite_1" title="com.qa.testcases.VerifyAddToCartFromPLPTest" hash-for-method="addFirstItemfromPLP2">addFirstItemfromPLP2</a> <!-- method navigator-link -->
                      </span>
                      <br/>
                    </div> <!-- method-list-content failed suite-example_suite_1 -->
                  </li>
                  <li>
                    <span class="method-list-title passed">Passed methods</span>
                    <span class="show-or-hide-methods passed">
                      <a href="#" panel-name="suite-example_suite_1" class="hide-methods passed suite-example_suite_1"> (hide)</a> <!-- hide-methods passed suite-example_suite_1 -->
                      <a href="#" panel-name="suite-example_suite_1" class="show-methods passed suite-example_suite_1"> (show)</a> <!-- show-methods passed suite-example_suite_1 -->
                    </span>
                    <div class="method-list-content passed suite-example_suite_1">
                      <span>
                        <img width="3%" src="passed.png"/>
                        <a href="#" class="method navigator-link" panel-name="suite-example_suite_1" title="com.qa.testcases.VerifyTheItemsinPLP" hash-for-method="VerifyPrimeItemsinFirstPLP">VerifyPrimeItemsinFirstPLP</a> <!-- method navigator-link -->
                      </span>
                      <br/>
                      <span>
                        <img width="3%" src="passed.png"/>
                        <a href="#" class="method navigator-link" panel-name="suite-example_suite_1" title="com.qa.testcases.VerifyTheItemsinPLP" hash-for-method="VerifyPrimeItemsinFirstPLP2">VerifyPrimeItemsinFirstPLP2</a> <!-- method navigator-link -->
                      </span>
                      <br/>
                      <span>
                        <img width="3%" src="passed.png"/>
                        <a href="#" class="method navigator-link" panel-name="suite-example_suite_1" title="com.qa.testcases.VerifyTheItemsinPLP" hash-for-method="VerifyPrimeItemsinFirstPLP3">VerifyPrimeItemsinFirstPLP3</a> <!-- method navigator-link -->
                      </span>
                      <br/>
                      <span>
                        <img width="3%" src="passed.png"/>
                        <a href="#" class="method navigator-link" panel-name="suite-example_suite_1" title="com.qa.testcases.VerifyTheItemsinPLP" hash-for-method="VerifyPrimeItemsinFirstPLP4">VerifyPrimeItemsinFirstPLP4</a> <!-- method navigator-link -->
                      </span>
                      <br/>
                      <span>
                        <img width="3%" src="passed.png"/>
                        <a href="#" class="method navigator-link" panel-name="suite-example_suite_1" title="com.qa.testcases.VerifyAddToCartFromPLPTest" hash-for-method="addFirstItemfromPLP">addFirstItemfromPLP</a> <!-- method navigator-link -->
                      </span>
                      <br/>
                      <span>
                        <img width="3%" src="passed.png"/>
                        <a href="#" class="method navigator-link" panel-name="suite-example_suite_1" title="com.qa.testcases.VerifyAddToCartFromPLPTest" hash-for-method="addFirstItemfromPLP3">addFirstItemfromPLP3</a> <!-- method navigator-link -->
                      </span>
                      <br/>
                      <span>
                        <img width="3%" src="passed.png"/>
                        <a href="#" class="method navigator-link" panel-name="suite-example_suite_1" title="com.qa.testcases.VerifyAddToCartFromPLPTest" hash-for-method="addFirstItemfromPLP4">addFirstItemfromPLP4</a> <!-- method navigator-link -->
                      </span>
                      <br/>
                    </div> <!-- method-list-content passed suite-example_suite_1 -->
                  </li>
                </ul>
              </div> <!-- suite-section-content -->
            </div> <!-- result-section -->
          </div> <!-- navigator-suite-content -->
        </div> <!-- rounded-window -->
      </div> <!-- suite -->
    </div> <!-- navigator-root -->
    <div class="wrapper">
      <div class="main-panel-root">
        <div panel-name="suite-example_suite_1" class="panel example_suite_1">
          <div class="suite-example_suite_1-class-failed">
            <div class="main-panel-header rounded-window-top">
              <img src="failed.png"/>
              <span class="class-name">com.qa.testcases.VerifyAddToCartFromPLPTest</span>
            </div> <!-- main-panel-header rounded-window-top -->
            <div class="main-panel-content rounded-window-bottom">
              <div class="method">
                <div class="method-content">
                  <a name="addFirstItemfromPLP2">
                  </a> <!-- addFirstItemfromPLP2 -->
                  <span class="method-name">addFirstItemfromPLP2</span>
                  <div class="stack-trace"><b>"org.openqa.selenium.ElementNotVisibleException: element not visible
  (Session info: chrome=65.0.3325.181)
  (Driver info: chromedriver=2.35.528161 (5b82f2d2aae0ca24b877009200ced9065a772e73),platform=Windows NT 6.1.7601 SP1 x86_64) (WARNING: The server did not provide any stacktrace information)
Command duration or timeout: 29 milliseconds
Build info: version: &apos;2.47.1&apos;, revision: &apos;unknown&apos;, time: &apos;2015-07-30 11:02:44&apos;
System info: host: &apos;WKWIN1035567&apos;, ip: &apos;10.150.182.136&apos;, os.name: &apos;Windows 7&apos;, os.arch: &apos;amd64&apos;, os.version: &apos;6.1&apos;, java.version: &apos;1.8.0_40&apos;
Driver info: org.openqa.selenium.chrome.ChromeDriver
Capabilities [{applicationCacheEnabled=false, rotatable=false, mobileEmulationEnabled=false, networkConnectionEnabled=false, chrome={chromedriverVersion=2.35.528161 (5b82f2d2aae0ca24b877009200ced9065a772e73), userDataDir=C:\Users\sseela\AppData\Local\Temp\scoped_dir7340_2283}, takesHeapSnapshot=true, pageLoadStrategy=normal, databaseEnabled=false, handlesAlerts=true, hasTouchScreen=false, version=65.0.3325.181, platform=XP, browserConnectionEnabled=false, nativeEvents=true, acceptSslCerts=false, acceptInsecureCerts=false, locationContextEnabled=true, webStorageEnabled=true, browserName=chrome, takesScreenshot=true, javascriptEnabled=true, cssSelectorsEnabled=true, setWindowRect=true, unexpectedAlertBehaviour=}]
Session ID: 2a06cea601762f526692958c155afed4
	at org.openqa.selenium.remote.ErrorHandler.createThrowable(ErrorHandler.java:206)
	at org.openqa.selenium.remote.ErrorHandler.throwIfResponseFailed(ErrorHandler.java:158)
	at org.openqa.selenium.remote.RemoteWebDriver.execute(RemoteWebDriver.java:595)
	at org.openqa.selenium.remote.RemoteWebElement.execute(RemoteWebElement.java:273)
	at org.openqa.selenium.remote.RemoteWebElement.click(RemoteWebElement.java:84)
	at com.qa.pages.HomePage.navigateToPLP(HomePage.java:40)
	at com.qa.testcases.VerifyAddToCartFromPLPTest.addFirstItemfromPLP2(VerifyAddToCartFromPLPTest.java:25)
	at org.apache.maven.surefire.testng.TestNGExecutor.run(TestNGExecutor.java:283)
	at org.apache.maven.surefire.testng.TestNGXmlTestSuite.execute(TestNGXmlTestSuite.java:75)
	at org.apache.maven.surefire.testng.TestNGProvider.invoke(TestNGProvider.java:120)
	at org.apache.maven.surefire.booter.ForkedBooter.invokeProviderInSameClassLoader(ForkedBooter.java:379)
	at org.apache.maven.surefire.booter.ForkedBooter.runSuitesInProcess(ForkedBooter.java:340)
	at org.apache.maven.surefire.booter.ForkedBooter.execute(ForkedBooter.java:125)
	at org.apache.maven.surefire.booter.ForkedBooter.main(ForkedBooter.java:413)
... Removed 25 stack frames<br/> org.openqa.selenium.ElementNotVisibleException: element not visible
  (Session info: chrome=65.0.3325.181)
  (Driver info: chromedriver=2.35.528161 (5b82f2d2aae0ca24b877009200ced9065a772e73),platform=Windows NT 6.1.7601 SP1 x86_64) (WARNING: The server did not provide any stacktrace information)
Command duration or timeout: 29 milliseconds
Build info: version: &apos;2.47.1&apos;, revision: &apos;unknown&apos;, time: &apos;2015-07-30 11:02:44&apos;
System info: host: &apos;WKWIN1035567&apos;, ip: &apos;10.150.182.136&apos;, os.name: &apos;Windows 7&apos;, os.arch: &apos;amd64&apos;, os.version: &apos;6.1&apos;, java.version: &apos;1.8.0_40&apos;
Driver info: org.openqa.selenium.chrome.ChromeDriver
Capabilities [{applicationCacheEnabled=false, rotatable=false, mobileEmulationEnabled=false, networkConnectionEnabled=false, chrome={chromedriverVersion=2.35.528161 (5b82f2d2aae0ca24b877009200ced9065a772e73), userDataDir=C:\Users\sseela\AppData\Local\Temp\scoped_dir7340_2283}, takesHeapSnapshot=true, pageLoadStrategy=normal, databaseEnabled=false, handlesAlerts=true, hasTouchScreen=false, version=65.0.3325.181, platform=XP, browserConnectionEnabled=false, nativeEvents=true, acceptSslCerts=false, acceptInsecureCerts=false, locationContextEnabled=true, webStorageEnabled=true, browserName=chrome, takesScreenshot=true, javascriptEnabled=true, cssSelectorsEnabled=true, setWindowRect=true, unexpectedAlertBehaviour=}]
Session ID: 2a06cea601762f526692958c155afed4
	at sun.reflect.NativeConstructorAccessorImpl.newInstance0(Native Method)
	at sun.reflect.NativeConstructorAccessorImpl.newInstance(NativeConstructorAccessorImpl.java:62)
	at sun.reflect.DelegatingConstructorAccessorImpl.newInstance(DelegatingConstructorAccessorImpl.java:45)
	at java.lang.reflect.Constructor.newInstance(Constructor.java:422)
	at org.openqa.selenium.remote.ErrorHandler.createThrowable(ErrorHandler.java:206)
	at org.openqa.selenium.remote.ErrorHandler.throwIfResponseFailed(ErrorHandler.java:158)
	at org.openqa.selenium.remote.RemoteWebDriver.execute(RemoteWebDriver.java:595)
	at org.openqa.selenium.remote.RemoteWebElement.execute(RemoteWebElement.java:273)
	at org.openqa.selenium.remote.RemoteWebElement.click(RemoteWebElement.java:84)
	at com.qa.pages.HomePage.navigateToPLP(HomePage.java:40)
	at com.qa.testcases.VerifyAddToCartFromPLPTest.addFirstItemfromPLP2(VerifyAddToCartFromPLPTest.java:25)
	at sun.reflect.NativeMethodAccessorImpl.invoke0(Native Method)
	at sun.reflect.NativeMethodAccessorImpl.invoke(NativeMethodAccessorImpl.java:62)
	at sun.reflect.DelegatingMethodAccessorImpl.invoke(DelegatingMethodAccessorImpl.java:43)
	at java.lang.reflect.Method.invoke(Method.java:497)
	at org.testng.internal.MethodInvocationHelper.invokeMethod(MethodInvocationHelper.java:80)
	at org.testng.internal.Invoker.invokeMethod(Invoker.java:714)
	at org.testng.internal.Invoker.invokeTestMethod(Invoker.java:901)
	at org.testng.internal.Invoker.invokeTestMethods(Invoker.java:1231)
	at org.testng.internal.TestMethodWorker.invokeTestMethods(TestMethodWorker.java:127)
	at org.testng.internal.TestMethodWorker.run(TestMethodWorker.java:111)
	at org.testng.TestRunner.privateRun(TestRunner.java:767)
	at org.testng.TestRunner.run(TestRunner.java:617)
	at org.testng.SuiteRunner.runTest(SuiteRunner.java:334)
	at org.testng.SuiteRunner.runSequentially(SuiteRunner.java:329)
	at org.testng.SuiteRunner.privateRun(SuiteRunner.java:291)
	at org.testng.SuiteRunner.run(SuiteRunner.java:240)
	at org.testng.SuiteRunnerWorker.runSuite(SuiteRunnerWorker.java:52)
	at org.testng.SuiteRunnerWorker.run(SuiteRunnerWorker.java:86)
	at org.testng.TestNG.runSuitesSequentially(TestNG.java:1198)
	at org.testng.TestNG.runSuitesLocally(TestNG.java:1123)
	at org.testng.TestNG.run(TestNG.java:1031)
	at org.apache.maven.surefire.testng.TestNGExecutor.run(TestNGExecutor.java:283)
	at org.apache.maven.surefire.testng.TestNGXmlTestSuite.execute(TestNGXmlTestSuite.java:75)
	at org.apache.maven.surefire.testng.TestNGProvider.invoke(TestNGProvider.java:120)
	at org.apache.maven.surefire.booter.ForkedBooter.invokeProviderInSameClassLoader(ForkedBooter.java:379)
	at org.apache.maven.surefire.booter.ForkedBooter.runSuitesInProcess(ForkedBooter.java:340)
	at org.apache.maven.surefire.booter.ForkedBooter.execute(ForkedBooter.java:125)
	at org.apache.maven.surefire.booter.ForkedBooter.main(ForkedBooter.java:413)
"</b><br>sun.reflect.NativeConstructorAccessorImpl.newInstance0(Native Method)<br>sun.reflect.NativeConstructorAccessorImpl.newInstance(NativeConstructorAccessorImpl.java:62)<br>sun.reflect.DelegatingConstructorAccessorImpl.newInstance(DelegatingConstructorAccessorImpl.java:45)<br>java.lang.reflect.Constructor.newInstance(Constructor.java:422)<br>org.openqa.selenium.remote.ErrorHandler.createThrowable(ErrorHandler.java:206)<br>org.openqa.selenium.remote.ErrorHandler.throwIfResponseFailed(ErrorHandler.java:158)<br>org.openqa.selenium.remote.RemoteWebDriver.execute(RemoteWebDriver.java:595)<br>org.openqa.selenium.remote.RemoteWebElement.execute(RemoteWebElement.java:273)<br>org.openqa.selenium.remote.RemoteWebElement.click(RemoteWebElement.java:84)<br>com.qa.pages.HomePage.navigateToPLP(HomePage.java:40)<br>com.qa.testcases.VerifyAddToCartFromPLPTest.addFirstItemfromPLP2(VerifyAddToCartFromPLPTest.java:25)<br>sun.reflect.NativeMethodAccessorImpl.invoke0(Native Method)<br>sun.reflect.NativeMethodAccessorImpl.invoke(NativeMethodAccessorImpl.java:62)<br>sun.reflect.DelegatingMethodAccessorImpl.invoke(DelegatingMethodAccessorImpl.java:43)<br>java.lang.reflect.Method.invoke(Method.java:497)<br>org.testng.internal.MethodInvocationHelper.invokeMethod(MethodInvocationHelper.java:80)<br>org.testng.internal.Invoker.invokeMethod(Invoker.java:714)<br>org.testng.internal.Invoker.invokeTestMethod(Invoker.java:901)<br>org.testng.internal.Invoker.invokeTestMethods(Invoker.java:1231)<br>org.testng.internal.TestMethodWorker.invokeTestMethods(TestMethodWorker.java:127)<br>org.testng.internal.TestMethodWorker.run(TestMethodWorker.java:111)<br>org.testng.TestRunner.privateRun(TestRunner.java:767)<br>org.testng.TestRunner.run(TestRunner.java:617)<br>org.testng.SuiteRunner.runTest(SuiteRunner.java:334)<br>org.testng.SuiteRunner.runSequentially(SuiteRunner.java:329)<br>org.testng.SuiteRunner.privateRun(SuiteRunner.java:291)<br>org.testng.SuiteRunner.run(SuiteRunner.java:240)<br>org.testng.SuiteRunnerWorker.runSuite(SuiteRunnerWorker.java:52)<br>org.testng.SuiteRunnerWorker.run(SuiteRunnerWorker.java:86)<br>org.testng.TestNG.runSuitesSequentially(TestNG.java:1198)<br>org.testng.TestNG.runSuitesLocally(TestNG.java:1123)<br>org.testng.TestNG.run(TestNG.java:1031)<br>org.apache.maven.surefire.testng.TestNGExecutor.run(TestNGExecutor.java:283)<br>org.apache.maven.surefire.testng.TestNGXmlTestSuite.execute(TestNGXmlTestSuite.java:75)<br>org.apache.maven.surefire.testng.TestNGProvider.invoke(TestNGProvider.java:120)<br>org.apache.maven.surefire.booter.ForkedBooter.invokeProviderInSameClassLoader(ForkedBooter.java:379)<br>org.apache.maven.surefire.booter.ForkedBooter.runSuitesInProcess(ForkedBooter.java:340)<br>org.apache.maven.surefire.booter.ForkedBooter.execute(ForkedBooter.java:125)<br>org.apache.maven.surefire.booter.ForkedBooter.main(ForkedBooter.java:413)<br>
</div> <!-- stack-trace -->
                </div> <!-- method-content -->
              </div> <!-- method -->
            </div> <!-- main-panel-content rounded-window-bottom -->
          </div> <!-- suite-example_suite_1-class-failed -->
          <div class="suite-example_suite_1-class-passed">
            <div class="main-panel-header rounded-window-top">
              <img src="passed.png"/>
              <span class="class-name">com.qa.testcases.VerifyAddToCartFromPLPTest</span>
            </div> <!-- main-panel-header rounded-window-top -->
            <div class="main-panel-content rounded-window-bottom">
              <div class="method">
                <div class="method-content">
                  <a name="addFirstItemfromPLP">
                  </a> <!-- addFirstItemfromPLP -->
                  <span class="method-name">addFirstItemfromPLP</span>
                </div> <!-- method-content -->
              </div> <!-- method -->
              <div class="method">
                <div class="method-content">
                  <a name="addFirstItemfromPLP3">
                  </a> <!-- addFirstItemfromPLP3 -->
                  <span class="method-name">addFirstItemfromPLP3</span>
                </div> <!-- method-content -->
              </div> <!-- method -->
              <div class="method">
                <div class="method-content">
                  <a name="addFirstItemfromPLP4">
                  </a> <!-- addFirstItemfromPLP4 -->
                  <span class="method-name">addFirstItemfromPLP4</span>
                </div> <!-- method-content -->
              </div> <!-- method -->
            </div> <!-- main-panel-content rounded-window-bottom -->
          </div> <!-- suite-example_suite_1-class-passed -->
          <div class="suite-example_suite_1-class-passed">
            <div class="main-panel-header rounded-window-top">
              <img src="passed.png"/>
              <span class="class-name">com.qa.testcases.VerifyTheItemsinPLP</span>
            </div> <!-- main-panel-header rounded-window-top -->
            <div class="main-panel-content rounded-window-bottom">
              <div class="method">
                <div class="method-content">
                  <a name="VerifyPrimeItemsinFirstPLP">
                  </a> <!-- VerifyPrimeItemsinFirstPLP -->
                  <span class="method-name">VerifyPrimeItemsinFirstPLP</span>
                </div> <!-- method-content -->
              </div> <!-- method -->
              <div class="method">
                <div class="method-content">
                  <a name="VerifyPrimeItemsinFirstPLP2">
                  </a> <!-- VerifyPrimeItemsinFirstPLP2 -->
                  <span class="method-name">VerifyPrimeItemsinFirstPLP2</span>
                </div> <!-- method-content -->
              </div> <!-- method -->
              <div class="method">
                <div class="method-content">
                  <a name="VerifyPrimeItemsinFirstPLP3">
                  </a> <!-- VerifyPrimeItemsinFirstPLP3 -->
                  <span class="method-name">VerifyPrimeItemsinFirstPLP3</span>
                </div> <!-- method-content -->
              </div> <!-- method -->
              <div class="method">
                <div class="method-content">
                  <a name="VerifyPrimeItemsinFirstPLP4">
                  </a> <!-- VerifyPrimeItemsinFirstPLP4 -->
                  <span class="method-name">VerifyPrimeItemsinFirstPLP4</span>
                </div> <!-- method-content -->
              </div> <!-- method -->
            </div> <!-- main-panel-content rounded-window-bottom -->
          </div> <!-- suite-example_suite_1-class-passed -->
        </div> <!-- panel example_suite_1 -->
        <div panel-name="test-xml-example_suite_1" class="panel">
          <div class="main-panel-header rounded-window-top">
            <span class="header-content">C:\Users\sseela\workspace\amazonTestNG\testng.xml</span>
          </div> <!-- main-panel-header rounded-window-top -->
          <div class="main-panel-content rounded-window-bottom">
            <pre>
&lt;?xml version=&quot;1.0&quot; encoding=&quot;UTF-8&quot;?&gt;
&lt;!DOCTYPE suite SYSTEM &quot;http://testng.org/testng-1.0.dtd&quot;&gt;
&lt;suite verbose=&quot;0&quot; name=&quot;example suite 1&quot;&gt;
  &lt;test name=&quot;Regression suite 1&quot;&gt;
    &lt;packages&gt;
      &lt;package name=&quot;com.qa.testcases.*&quot;/&gt;
    &lt;/packages&gt;
    &lt;classes&gt;
      &lt;class name=&quot;com.qa.testcases.VerifyAddToCartFromPLPTest&quot;/&gt;
      &lt;class name=&quot;com.qa.testcases.VerifyTheItemsinPLP&quot;/&gt;
    &lt;/classes&gt;
  &lt;/test&gt; &lt;!-- Regression suite 1 --&gt;
&lt;/suite&gt; &lt;!-- example suite 1 --&gt;
            </pre>
          </div> <!-- main-panel-content rounded-window-bottom -->
        </div> <!-- panel -->
        <div panel-name="testlist-example_suite_1" class="panel">
          <div class="main-panel-header rounded-window-top">
            <span class="header-content">Tests for example suite 1</span>
          </div> <!-- main-panel-header rounded-window-top -->
          <div class="main-panel-content rounded-window-bottom">
            <ul>
              <li>
                <span class="test-name">Regression suite 1 (2 classes)</span>
              </li>
            </ul>
          </div> <!-- main-panel-content rounded-window-bottom -->
        </div> <!-- panel -->
        <div panel-name="group-example_suite_1" class="panel">
          <div class="main-panel-header rounded-window-top">
            <span class="header-content">Groups for example suite 1</span>
          </div> <!-- main-panel-header rounded-window-top -->
          <div class="main-panel-content rounded-window-bottom">
          </div> <!-- main-panel-content rounded-window-bottom -->
        </div> <!-- panel -->
        <div panel-name="times-example_suite_1" class="panel">
          <div class="main-panel-header rounded-window-top">
            <span class="header-content">Times for example suite 1</span>
          </div> <!-- main-panel-header rounded-window-top -->
          <div class="main-panel-content rounded-window-bottom">
            <div class="times-div">
              <script type="text/javascript">
suiteTableInitFunctions.push('tableData_example_suite_1');
function tableData_example_suite_1() {
var data = new google.visualization.DataTable();
data.addColumn('number', 'Number');
data.addColumn('string', 'Method');
data.addColumn('string', 'Class');
data.addColumn('number', 'Time (ms)');
data.addRows(8);
data.setCell(0, 0, 0)
data.setCell(0, 1, 'addFirstItemfromPLP4')
data.setCell(0, 2, 'com.qa.testcases.VerifyAddToCartFromPLPTest')
data.setCell(0, 3, 9847);
data.setCell(1, 0, 1)
data.setCell(1, 1, 'addFirstItemfromPLP')
data.setCell(1, 2, 'com.qa.testcases.VerifyAddToCartFromPLPTest')
data.setCell(1, 3, 9617);
data.setCell(2, 0, 2)
data.setCell(2, 1, 'addFirstItemfromPLP3')
data.setCell(2, 2, 'com.qa.testcases.VerifyAddToCartFromPLPTest')
data.setCell(2, 3, 9392);
data.setCell(3, 0, 3)
data.setCell(3, 1, 'VerifyPrimeItemsinFirstPLP4')
data.setCell(3, 2, 'com.qa.testcases.VerifyTheItemsinPLP')
data.setCell(3, 3, 8917);
data.setCell(4, 0, 4)
data.setCell(4, 1, 'VerifyPrimeItemsinFirstPLP')
data.setCell(4, 2, 'com.qa.testcases.VerifyTheItemsinPLP')
data.setCell(4, 3, 4052);
data.setCell(5, 0, 5)
data.setCell(5, 1, 'VerifyPrimeItemsinFirstPLP2')
data.setCell(5, 2, 'com.qa.testcases.VerifyTheItemsinPLP')
data.setCell(5, 3, 3928);
data.setCell(6, 0, 6)
data.setCell(6, 1, 'VerifyPrimeItemsinFirstPLP3')
data.setCell(6, 2, 'com.qa.testcases.VerifyTheItemsinPLP')
data.setCell(6, 3, 3606);
data.setCell(7, 0, 7)
data.setCell(7, 1, 'addFirstItemfromPLP2')
data.setCell(7, 2, 'com.qa.testcases.VerifyAddToCartFromPLPTest')
data.setCell(7, 3, 449);
window.suiteTableData['example_suite_1']= { tableData: data, tableDiv: 'times-div-example_suite_1'}
return data;
}
              </script>
              <span class="suite-total-time">Total running time: 49 seconds</span>
              <div id="times-div-example_suite_1">
              </div> <!-- times-div-example_suite_1 -->
            </div> <!-- times-div -->
          </div> <!-- main-panel-content rounded-window-bottom -->
        </div> <!-- panel -->
        <div panel-name="reporter-example_suite_1" class="panel">
          <div class="main-panel-header rounded-window-top">
            <span class="header-content">Reporter output for example suite 1</span>
          </div> <!-- main-panel-header rounded-window-top -->
          <div class="main-panel-content rounded-window-bottom">
          </div> <!-- main-panel-content rounded-window-bottom -->
        </div> <!-- panel -->
        <div panel-name="ignored-methods-example_suite_1" class="panel">
          <div class="main-panel-header rounded-window-top">
            <span class="header-content">3 ignored methods</span>
          </div> <!-- main-panel-header rounded-window-top -->
          <div class="main-panel-content rounded-window-bottom">
            <div class="ignored-class-div">
              <span class="ignored-class-name">com.qa.testcases.VerifyTheItemsinPLP</span>
              <div class="ignored-methods-div">
                <span class="ignored-method-name">clearData</span>
                <br/>
                <span class="ignored-method-name">startExtendReport</span>
                <br/>
                <span class="ignored-method-name">endExtentReport</span>
                <br/>
              </div> <!-- ignored-methods-div -->
            </div> <!-- ignored-class-div -->
          </div> <!-- main-panel-content rounded-window-bottom -->
        </div> <!-- panel -->
        <div panel-name="chronological-example_suite_1" class="panel">
          <div class="main-panel-header rounded-window-top">
            <span class="header-content">Methods in chronological order</span>
          </div> <!-- main-panel-header rounded-window-top -->
          <div class="main-panel-content rounded-window-bottom">
            <div class="chronological-class">
              <div class="chronological-class-name">com.qa.testcases.VerifyAddToCartFromPLPTest</div> <!-- chronological-class-name -->
              <div class="configuration-suite before">
                <span class="method-name">clearData</span>
                <span class="method-start">0 ms</span>
              </div> <!-- configuration-suite before -->
              <div class="configuration-test before">
                <span class="method-name">startExtendReport</span>
                <span class="method-start">11 ms</span>
              </div> <!-- configuration-test before -->
              <div class="configuration-method before">
                <span class="method-name">setup</span>
                <span class="method-start">23 ms</span>
              </div> <!-- configuration-method before -->
              <div class="test-method">
                <span class="method-name">addFirstItemfromPLP</span>
                <span class="method-start">10949 ms</span>
              </div> <!-- test-method -->
              <div class="configuration-method after">
                <span class="method-name">teardown([TestResult name=addFirstItemfromPLP status=SUCCESS method=VerifyAddToCartFromPLPTest.addFirstItemfr...)</span>
                <span class="method-start">20566 ms</span>
              </div> <!-- configuration-method after -->
              <div class="configuration-method before">
                <span class="method-name">setup</span>
                <span class="method-start">23123 ms</span>
              </div> <!-- configuration-method before -->
              <div class="test-method">
                <img src="failed.png">
                </img>
                <span class="method-name">addFirstItemfromPLP2</span>
                <span class="method-start">59997 ms</span>
              </div> <!-- test-method -->
              <div class="configuration-method after">
                <span class="method-name">teardown([TestResult name=addFirstItemfromPLP2 status=FAILURE method=VerifyAddToCartFromPLPTest.addFirstItemf...)</span>
                <span class="method-start">60467 ms</span>
              </div> <!-- configuration-method after -->
              <div class="configuration-method before">
                <span class="method-name">setup</span>
                <span class="method-start">65399 ms</span>
              </div> <!-- configuration-method before -->
              <div class="test-method">
                <span class="method-name">addFirstItemfromPLP3</span>
                <span class="method-start">74589 ms</span>
              </div> <!-- test-method -->
              <div class="configuration-method after">
                <span class="method-name">teardown([TestResult name=addFirstItemfromPLP3 status=SUCCESS method=VerifyAddToCartFromPLPTest.addFirstItemf...)</span>
                <span class="method-start">83981 ms</span>
              </div> <!-- configuration-method after -->
              <div class="configuration-method before">
                <span class="method-name">setup</span>
                <span class="method-start">85833 ms</span>
              </div> <!-- configuration-method before -->
              <div class="test-method">
                <span class="method-name">addFirstItemfromPLP4</span>
                <span class="method-start">97371 ms</span>
              </div> <!-- test-method -->
              <div class="configuration-method after">
                <span class="method-name">teardown([TestResult name=addFirstItemfromPLP4 status=SUCCESS method=VerifyAddToCartFromPLPTest.addFirstItemf...)</span>
                <span class="method-start">107218 ms</span>
              </div> <!-- configuration-method after -->
            </div> <!-- chronological-class -->
            <div class="chronological-class">
              <div class="chronological-class-name">com.qa.testcases.VerifyTheItemsinPLP</div> <!-- chronological-class-name -->
              <div class="configuration-method before">
                <span class="method-name">setup</span>
                <span class="method-start">108985 ms</span>
              </div> <!-- configuration-method before -->
              <div class="test-method">
                <span class="method-name">VerifyPrimeItemsinFirstPLP</span>
                <span class="method-start">119185 ms</span>
              </div> <!-- test-method -->
              <div class="configuration-method after">
                <span class="method-name">teardown([TestResult name=VerifyPrimeItemsinFirstPLP status=SUCCESS method=VerifyTheItemsinPLP.VerifyPrimeIte...)</span>
                <span class="method-start">123237 ms</span>
              </div> <!-- configuration-method after -->
              <div class="configuration-method before">
                <span class="method-name">setup</span>
                <span class="method-start">128385 ms</span>
              </div> <!-- configuration-method before -->
              <div class="test-method">
                <span class="method-name">VerifyPrimeItemsinFirstPLP2</span>
                <span class="method-start">138735 ms</span>
              </div> <!-- test-method -->
              <div class="configuration-method after">
                <span class="method-name">teardown([TestResult name=VerifyPrimeItemsinFirstPLP2 status=SUCCESS method=VerifyTheItemsinPLP.VerifyPrimeIt...)</span>
                <span class="method-start">142663 ms</span>
              </div> <!-- configuration-method after -->
              <div class="configuration-method before">
                <span class="method-name">setup</span>
                <span class="method-start">148889 ms</span>
              </div> <!-- configuration-method before -->
              <div class="test-method">
                <span class="method-name">VerifyPrimeItemsinFirstPLP3</span>
                <span class="method-start">158250 ms</span>
              </div> <!-- test-method -->
              <div class="configuration-method after">
                <span class="method-name">teardown([TestResult name=VerifyPrimeItemsinFirstPLP3 status=SUCCESS method=VerifyTheItemsinPLP.VerifyPrimeIt...)</span>
                <span class="method-start">161859 ms</span>
              </div> <!-- configuration-method after -->
              <div class="configuration-method before">
                <span class="method-name">setup</span>
                <span class="method-start">168088 ms</span>
              </div> <!-- configuration-method before -->
              <div class="test-method">
                <span class="method-name">VerifyPrimeItemsinFirstPLP4</span>
                <span class="method-start">184781 ms</span>
              </div> <!-- test-method -->
              <div class="configuration-method after">
                <span class="method-name">teardown([TestResult name=VerifyPrimeItemsinFirstPLP4 status=SUCCESS method=VerifyTheItemsinPLP.VerifyPrimeIt...)</span>
                <span class="method-start">193700 ms</span>
              </div> <!-- configuration-method after -->
            </div> <!-- chronological-class -->
            <div class="chronological-class">
              <div class="chronological-class-name">com.qa.testcases.VerifyAddToCartFromPLPTest</div> <!-- chronological-class-name -->
              <div class="configuration-test after">
                <span class="method-name">endExtentReport</span>
                <span class="method-start">199446 ms</span>
              </div> <!-- configuration-test after -->
          </div> <!-- main-panel-content rounded-window-bottom -->
        </div> <!-- panel -->
      </div> <!-- main-panel-root -->
    </div> <!-- wrapper -->
  </body>
</html>
